This file contains any messages produced by compilers while
running configure, to aid debugging if configure makes a mistake.

It was created by fftw configure 3.3.7, which was
generated by GNU Autoconf 2.69.  Invocation command line was

  $ ./configure --host=arm-eabi --prefix=/home/dicon/phyphox/fftw/out LIBS=-lc -lgcc --disable-fortran

## --------- ##
## Platform. ##
## --------- ##

hostname = camelot
uname -m = x86_64
uname -r = 4.13.0-41-generic
uname -s = Linux
uname -v = #46-Ubuntu SMP Wed May 2 13:38:30 UTC 2018

/usr/bin/uname -p = unknown
/bin/uname -X     = unknown

/bin/arch              = unknown
/usr/bin/arch -k       = unknown
/usr/convex/getsysinfo = unknown
/usr/bin/hostinfo      = unknown
/bin/machine           = unknown
/usr/bin/oslevel       = unknown
/bin/universe          = unknown

PATH: /home/dicon/phyphox/android-ndk/toolchains/arm-linux-androideabi-4.9/prebuilt/darwin-x86_64/bin/
PATH: /usr/local/sbin
PATH: /usr/local/bin
PATH: /usr/sbin
PATH: /usr/bin
PATH: /sbin
PATH: /bin
PATH: /usr/games
PATH: /usr/local/games
PATH: /snap/bin


## ----------- ##
## Core tests. ##
## ----------- ##

configure:2873: checking for a BSD-compatible install
configure:2941: result: /usr/bin/install -c
configure:2952: checking whether build environment is sane
configure:3007: result: yes
configure:3066: checking for arm-eabi-strip
configure:3093: result: arm-linux-androideabi-strip
configure:3158: checking for a thread-safe mkdir -p
configure:3197: result: /bin/mkdir -p
configure:3204: checking for gawk
configure:3220: found /usr/bin/gawk
configure:3231: result: gawk
configure:3242: checking whether make sets $(MAKE)
configure:3264: result: yes
configure:3293: checking whether make supports nested variables
configure:3310: result: yes
configure:3440: checking whether to enable maintainer-specific portions of Makefiles
configure:3449: result: no
configure:3497: checking build system type
configure:3511: result: x86_64-pc-linux-gnu
configure:3531: checking host system type
configure:3544: result: arm-unknown-eabi
configure:4127: checking for arm-eabi-gcc
configure:4154: result: arm-linux-androideabi-gcc --sysroot=/platforms/android-27/arch-arm/
configure:4423: checking for C compiler version
configure:4432: arm-linux-androideabi-gcc --sysroot=/platforms/android-27/arch-arm/ --version >&5
./configure: line 4434: arm-linux-androideabi-gcc: command not found
configure:4443: $? = 127
configure:4432: arm-linux-androideabi-gcc --sysroot=/platforms/android-27/arch-arm/ -v >&5
./configure: line 4434: arm-linux-androideabi-gcc: command not found
configure:4443: $? = 127
configure:4432: arm-linux-androideabi-gcc --sysroot=/platforms/android-27/arch-arm/ -V >&5
./configure: line 4434: arm-linux-androideabi-gcc: command not found
configure:4443: $? = 127
configure:4432: arm-linux-androideabi-gcc --sysroot=/platforms/android-27/arch-arm/ -qversion >&5
./configure: line 4434: arm-linux-androideabi-gcc: command not found
configure:4443: $? = 127
configure:4463: checking whether the C compiler works
configure:4485: arm-linux-androideabi-gcc --sysroot=/platforms/android-27/arch-arm/    conftest.c -lc -lgcc >&5
./configure: line 4487: arm-linux-androideabi-gcc: command not found
configure:4489: $? = 127
configure:4527: result: no
configure: failed program was:
| /* confdefs.h */
| #define PACKAGE_NAME "fftw"
| #define PACKAGE_TARNAME "fftw"
| #define PACKAGE_VERSION "3.3.7"
| #define PACKAGE_STRING "fftw 3.3.7"
| #define PACKAGE_BUGREPORT "fftw@fftw.org"
| #define PACKAGE_URL ""
| #define PACKAGE "fftw"
| #define VERSION "3.3.7"
| #define FFTW_ENABLE_ALLOCA 1
| /* end confdefs.h.  */
| 
| int
| main ()
| {
| 
|   ;
|   return 0;
| }
configure:4532: error: in `/home/dicon/phyphox/fftw/fftw-3.3.7':
configure:4534: error: C compiler cannot create executables
See `config.log' for more details

## ---------------- ##
## Cache variables. ##
## ---------------- ##

ac_cv_build=x86_64-pc-linux-gnu
ac_cv_env_CC_set=set
ac_cv_env_CC_value='arm-linux-androideabi-gcc --sysroot=/platforms/android-27/arch-arm/'
ac_cv_env_CFLAGS_set=
ac_cv_env_CFLAGS_value=
ac_cv_env_CPPFLAGS_set=
ac_cv_env_CPPFLAGS_value=
ac_cv_env_CPP_set=
ac_cv_env_CPP_value=
ac_cv_env_F77_set=
ac_cv_env_F77_value=
ac_cv_env_FFLAGS_set=
ac_cv_env_FFLAGS_value=
ac_cv_env_LDFLAGS_set=
ac_cv_env_LDFLAGS_value=
ac_cv_env_LIBS_set=set
ac_cv_env_LIBS_value='-lc -lgcc'
ac_cv_env_LT_SYS_LIBRARY_PATH_set=
ac_cv_env_LT_SYS_LIBRARY_PATH_value=
ac_cv_env_MPICC_set=
ac_cv_env_MPICC_value=
ac_cv_env_build_alias_set=
ac_cv_env_build_alias_value=
ac_cv_env_host_alias_set=set
ac_cv_env_host_alias_value=arm-eabi
ac_cv_env_target_alias_set=
ac_cv_env_target_alias_value=
ac_cv_host=arm-unknown-eabi
ac_cv_path_install='/usr/bin/install -c'
ac_cv_path_mkdir=/bin/mkdir
ac_cv_prog_AWK=gawk
ac_cv_prog_CC='arm-linux-androideabi-gcc --sysroot=/platforms/android-27/arch-arm/'
ac_cv_prog_STRIP=arm-linux-androideabi-strip
ac_cv_prog_make_make_set=yes
am_cv_make_support_nested_variables=yes

## ----------------- ##
## Output variables. ##
## ----------------- ##

ACLOCAL='${SHELL} /home/dicon/phyphox/fftw/fftw-3.3.7/missing aclocal-1.15'
ALLOCA=''
ALTIVEC_CFLAGS=''
AMDEPBACKSLASH=''
AMDEP_FALSE=''
AMDEP_TRUE=''
AMTAR='$${TAR-tar}'
AM_BACKSLASH='\'
AM_DEFAULT_V='$(AM_DEFAULT_VERBOSITY)'
AM_DEFAULT_VERBOSITY='1'
AM_V='$(V)'
AR='arm-linux-androideabi-ar'
AS=''
AUTOCONF='${SHELL} /home/dicon/phyphox/fftw/fftw-3.3.7/missing autoconf'
AUTOHEADER='${SHELL} /home/dicon/phyphox/fftw/fftw-3.3.7/missing autoheader'
AUTOMAKE='${SHELL} /home/dicon/phyphox/fftw/fftw-3.3.7/missing automake-1.15'
AVX2_CFLAGS=''
AVX512_CFLAGS=''
AVX_128_FMA_CFLAGS=''
AVX_CFLAGS=''
AWK='gawk'
BUILD_DOC_FALSE='#'
BUILD_DOC_TRUE=''
CC='arm-linux-androideabi-gcc --sysroot=/platforms/android-27/arch-arm/'
CCDEPMODE=''
CFLAGS=''
CHECK_PL_OPTS=''
COMBINED_THREADS_FALSE=''
COMBINED_THREADS_TRUE=''
CPP=''
CPPFLAGS=''
CYGPATH_W='echo'
C_FFTW_R2R_KIND=''
C_MPI_FINT=''
DEFS=''
DEPDIR=''
DLLTOOL=''
DSYMUTIL=''
DUMPBIN=''
ECHO_C=''
ECHO_N='-n'
ECHO_T=''
EGREP=''
EXEEXT=''
F77=''
FFLAGS=''
FGREP=''
FLIBS=''
GREP=''
HAVE_ALTIVEC_FALSE=''
HAVE_ALTIVEC_TRUE='#'
HAVE_AVX2_FALSE=''
HAVE_AVX2_TRUE='#'
HAVE_AVX512_FALSE=''
HAVE_AVX512_TRUE='#'
HAVE_AVX_128_FMA_FALSE=''
HAVE_AVX_128_FMA_TRUE='#'
HAVE_AVX_FALSE=''
HAVE_AVX_TRUE='#'
HAVE_GENERIC_SIMD128_FALSE=''
HAVE_GENERIC_SIMD128_TRUE='#'
HAVE_GENERIC_SIMD256_FALSE=''
HAVE_GENERIC_SIMD256_TRUE='#'
HAVE_KCVI_FALSE=''
HAVE_KCVI_TRUE='#'
HAVE_NEON_FALSE=''
HAVE_NEON_TRUE='#'
HAVE_SSE2_FALSE=''
HAVE_SSE2_TRUE='#'
HAVE_VSX_FALSE=''
HAVE_VSX_TRUE='#'
INDENT=''
INSTALL_DATA='${INSTALL} -m 644'
INSTALL_PROGRAM='${INSTALL}'
INSTALL_SCRIPT='${INSTALL}'
INSTALL_STRIP_PROGRAM='$(install_sh) -c -s'
KCVI_CFLAGS=''
LD='arm-linux-androideabi-ld'
LDFLAGS=''
LDOUBLE_FALSE=''
LDOUBLE_TRUE='#'
LIBOBJS=''
LIBQUADMATH=''
LIBS='-lc -lgcc'
LIBTOOL=''
LIPO=''
LN_S=''
LTLIBOBJS=''
LT_SYS_LIBRARY_PATH=''
MAINT='#'
MAINTAINER_MODE_FALSE=''
MAINTAINER_MODE_TRUE='#'
MAKEINFO='${SHELL} /home/dicon/phyphox/fftw/fftw-3.3.7/missing makeinfo'
MANIFEST_TOOL=''
MKDIR_P='/bin/mkdir -p'
MPICC=''
MPILIBS=''
MPIRUN=''
MPI_FALSE=''
MPI_TRUE=''
NEON_CFLAGS=''
NM=''
NMEDIT=''
OBJDUMP=''
OBJEXT=''
OCAMLBUILD=''
OPENMP_CFLAGS=''
OPENMP_FALSE=''
OPENMP_TRUE=''
OTOOL64=''
OTOOL=''
PACKAGE='fftw'
PACKAGE_BUGREPORT='fftw@fftw.org'
PACKAGE_NAME='fftw'
PACKAGE_STRING='fftw 3.3.7'
PACKAGE_TARNAME='fftw'
PACKAGE_URL=''
PACKAGE_VERSION='3.3.7'
PATH_SEPARATOR=':'
POW_LIB=''
PRECISION='d'
PREC_SUFFIX=''
PTHREAD_CC=''
PTHREAD_CFLAGS=''
PTHREAD_LIBS=''
QUAD_FALSE=''
QUAD_TRUE='#'
RANLIB='arm-linux-androideabi-ranlib'
SED=''
SET_MAKE=''
SHARED_VERSION_INFO='8:7:5'
SHELL='/bin/bash'
SINGLE_FALSE=''
SINGLE_TRUE='#'
SMP_FALSE=''
SMP_TRUE=''
SSE2_CFLAGS=''
STACK_ALIGN_CFLAGS=''
STRIP='arm-linux-androideabi-strip'
THREADLIBS=''
THREADS_FALSE=''
THREADS_TRUE=''
VERSION='3.3.7'
VSX_CFLAGS=''
ac_ct_AR=''
ac_ct_CC=''
ac_ct_DUMPBIN=''
ac_ct_F77=''
acx_pthread_config=''
am__EXEEXT_FALSE=''
am__EXEEXT_TRUE=''
am__fastdepCC_FALSE=''
am__fastdepCC_TRUE=''
am__include=''
am__isrc=''
am__leading_dot='.'
am__nodep=''
am__quote=''
am__tar='$${TAR-tar} chof - "$$tardir"'
am__untar='$${TAR-tar} xf -'
bindir='${exec_prefix}/bin'
build='x86_64-pc-linux-gnu'
build_alias=''
build_cpu='x86_64'
build_os='linux-gnu'
build_vendor='pc'
datadir='${datarootdir}'
datarootdir='${prefix}/share'
docdir='${datarootdir}/doc/${PACKAGE_TARNAME}'
dvidir='${docdir}'
exec_prefix='NONE'
host='arm-unknown-eabi'
host_alias='arm-eabi'
host_cpu='arm'
host_os='eabi'
host_vendor='unknown'
htmldir='${docdir}'
includedir='${prefix}/include'
infodir='${datarootdir}/info'
install_sh='${SHELL} /home/dicon/phyphox/fftw/fftw-3.3.7/install-sh'
libdir='${exec_prefix}/lib'
libexecdir='${exec_prefix}/libexec'
localedir='${datarootdir}/locale'
localstatedir='${prefix}/var'
mandir='${datarootdir}/man'
mkdir_p='$(MKDIR_P)'
oldincludedir='/usr/include'
pdfdir='${docdir}'
prefix='/home/dicon/phyphox/fftw/out'
program_transform_name='s,x,x,'
psdir='${docdir}'
runstatedir='${localstatedir}/run'
sbindir='${exec_prefix}/sbin'
sharedstatedir='${prefix}/com'
sysconfdir='${prefix}/etc'
target_alias=''

## ----------- ##
## confdefs.h. ##
## ----------- ##

/* confdefs.h */
#define PACKAGE_NAME "fftw"
#define PACKAGE_TARNAME "fftw"
#define PACKAGE_VERSION "3.3.7"
#define PACKAGE_STRING "fftw 3.3.7"
#define PACKAGE_BUGREPORT "fftw@fftw.org"
#define PACKAGE_URL ""
#define PACKAGE "fftw"
#define VERSION "3.3.7"
#define FFTW_ENABLE_ALLOCA 1

configure: exit 77
